<?xml version="1.0" encoding="UTF-8"?>
<testsuite name="org.springframework.cloud.task.app.timestamp.TimestampTaskPropertiesTests" time="0.465" tests="3" errors="0" skipped="0" failures="0">
  <properties>
[...]
</properties>
  <testcase name="testFormatSet" classname="org.springframework.cloud.task.app.timestamp.TimestampTaskPropertiesTests" time="0.409"/>
  <testcase name="testEmptyFormat" classname="org.springframework.cloud.task.app.timestamp.TimestampTaskPropertiesTests" time="0.031"/>
  <testcase name="testFormatDefault" classname="org.springframework.cloud.task.app.timestamp.TimestampTaskPropertiesTests" time="0.025"/>
</testsuite>